ExperiencePointsv2	8	ExperiencePointsv2	spy	subset	2528	1.0
ExperiencePointsv2	8	ExperiencePointsv2	hsi	subset	2528	1.0
ExperiencePointsv2	8	ExperiencePointsv2	w	subset	2528	1.0
ExperiencePointsv2	8	ExperiencePointsv2	spy	subset	2528	1.0
ExperiencePointsv2	8	ExperiencePointsv2	hsi	subset	2528	1.0
ExperiencePointsv2	8	ExperiencePointsv2	w	subset	2528	1.0
ExperiencePointsv2	8	ExperiencePointsv2	spy	subset	2528	1.0
ExperiencePointsv2	8	ExperiencePointsv2	hsi	subset	2528	1.0
ExperiencePointsv2	8	ExperiencePointsv2	w	subset	2528	1.0
ExperiencePointsv2	8	ExperiencePointsv2	spy	subset	2528	1.0
ExperiencePointsv2	8	ExperiencePointsv2	hsi	subset	2528	1.0
ExperiencePointsv2	8	ExperiencePointsv2	w	subset	2528	1.0
ExperiencePointsv2	8	ExperiencePointsv2	spy	subset	2528	1.0
ExperiencePointsv2	8	ExperiencePointsv2	hsi	subset	2528	1.0
ExperiencePointsv2	8	ExperiencePointsv2	w	subset	2528	1.0
ExperiencePointsv2	8	ExperiencePointsv2	spy	subset	2528	1.0
ExperiencePointsv2	8	ExperiencePointsv2	hsi	subset	2528	1.0
ExperiencePointsv2	8	ExperiencePointsv2	w	subset	2528	1.0
ExperiencePointsv2	8	ExperiencePointsv2	spy	subset	2528	1.0
ExperiencePointsv2	8	ExperiencePointsv2	hsi	subset	2528	1.0
ExperiencePointsv2	8	ExperiencePointsv2	w	subset	2528	1.0
ExperiencePointsv2	8	ExperiencePointsv2	spy	subset	2528	1.0
ExperiencePointsv2	8	ExperiencePointsv2	hsi	subset	2528	1.0
ExperiencePointsv2	8	ExperiencePointsv2	w	subset	2528	1.0
ExperiencePointsv2	8	ExperiencePointsv2	spy	subset	2528	1.0
ExperiencePointsv2	8	ExperiencePointsv2	hsi	subset	2528	1.0
ExperiencePointsv2	8	ExperiencePointsv2	w	subset	2528	1.0
ExperiencePointsv2	8	ExperiencePointsv2	spy	subset	2528	1.0
ExperiencePointsv2	8	ExperiencePointsv2	hsi	subset	2528	1.0
ExperiencePointsv2	8	ExperiencePointsv2	w	subset	2528	1.0
ExperiencePointsv2	8	ExperiencePointsv2	spy	subset	2528	1.0
ExperiencePointsv2	8	ExperiencePointsv2	hsi	subset	2528	1.0
ExperiencePointsv2	8	ExperiencePointsv2	w	subset	2528	1.0
ExperiencePointsv2	8	ExperiencePointsv2	spy	subset	2528	1.0
ExperiencePointsv2	8	ExperiencePointsv2	hsi	subset	2528	1.0
ExperiencePointsv2	8	ExperiencePointsv2	w	subset	2528	1.0
ExperiencePointsv2	8	ExperiencePointsv2	spy	subset	2528	1.0
ExperiencePointsv2	8	ExperiencePointsv2	hsi	subset	2528	1.0
ExperiencePointsv2	8	ExperiencePointsv2	w	subset	2528	1.0
ExperiencePointsv2	8	ExperiencePointsv2	spy	subset	2528	1.0
ExperiencePointsv2	8	ExperiencePointsv2	hsi	subset	2528	1.0
ExperiencePointsv2	8	ExperiencePointsv2	w	subset	2528	1.0
ExperiencePointsv2	8	ExperiencePointsv2	spy	subset	2528	1.0
ExperiencePointsv2	8	ExperiencePointsv2	hsi	subset	2528	1.0
ExperiencePointsv2	8	ExperiencePointsv2	w	subset	2528	1.0
ExperiencePointsv2	8	ExperiencePointsv2	spy	subset	2528	1.0
ExperiencePointsv2	8	ExperiencePointsv2	hsi	subset	2528	1.0
ExperiencePointsv2	8	ExperiencePointsv2	w	subset	2528	1.0
ExperiencePointsv2	8	ExperiencePointsv2	spy	subset	2528	1.0
ExperiencePointsv2	8	ExperiencePointsv2	hsi	subset	2528	1.0
ExperiencePointsv2	8	ExperiencePointsv2	w	subset	2528	1.0
ExperiencePointsv2	8	ExperiencePointsv2	spy	subset	2528	1.0
ExperiencePointsv2	8	ExperiencePointsv2	hsi	subset	2528	1.0
ExperiencePointsv2	8	ExperiencePointsv2	w	subset	2528	1.0
ExperiencePointsv2	8	ExperiencePointsv2	spy	subset	2528	1.0
ExperiencePointsv2	8	ExperiencePointsv2	hsi	subset	2528	1.0
ExperiencePointsv2	8	ExperiencePointsv2	w	subset	2528	1.0
ExperiencePointsv2	8	ExperiencePointsv2	spy	subset	2528	1.0
ExperiencePointsv2	8	ExperiencePointsv2	hsi	subset	2528	1.0
ExperiencePointsv2	8	ExperiencePointsv2	w	subset	2528	1.0
ExperiencePointsv2	8	ExperiencePointsv2	spy	subset	2528	1.0
ExperiencePointsv2	8	ExperiencePointsv2	hsi	subset	2528	1.0
ExperiencePointsv2	8	ExperiencePointsv2	w	subset	2528	1.0
ExperiencePointsv2	8	ExperiencePointsv2	spy	subset	2528	1.0
ExperiencePointsv2	8	ExperiencePointsv2	hsi	subset	2528	1.0
ExperiencePointsv2	8	ExperiencePointsv2	w	subset	2528	1.0
ExperiencePointsv2	8	ExperiencePointsv2	spy	subset	2528	1.0
ExperiencePointsv2	8	ExperiencePointsv2	hsi	subset	2528	1.0
ExperiencePointsv2	8	ExperiencePointsv2	w	subset	2528	1.0
ExperiencePointsv2	8	ExperiencePointsv2	spy	subset	2528	1.0
ExperiencePointsv2	8	ExperiencePointsv2	hsi	subset	2528	1.0
ExperiencePointsv2	8	ExperiencePointsv2	w	subset	2528	1.0
ExperiencePointsv2	8	ExperiencePointsv2	spy	subset	2528	1.0
ExperiencePointsv2	8	ExperiencePointsv2	hsi	subset	2528	1.0
ExperiencePointsv2	8	ExperiencePointsv2	w	subset	2528	1.0
ExperiencePointsv2	8	ExperiencePointsv2	spy	subset	2528	1.0
ExperiencePointsv2	8	ExperiencePointsv2	hsi	subset	2528	1.0
ExperiencePointsv2	8	ExperiencePointsv2	w	subset	2528	1.0
ExperiencePointsv2	8	ExperiencePointsv2	spy	subset	2528	1.0
ExperiencePointsv2	8	ExperiencePointsv2	hsi	subset	2528	1.0
ExperiencePointsv2	8	ExperiencePointsv2	w	subset	2528	1.0
ExperiencePointsv2	8	ExperiencePointsv2	spy	subset	2528	1.0
ExperiencePointsv2	8	ExperiencePointsv2	hsi	subset	2528	1.0
ExperiencePointsv2	8	ExperiencePointsv2	w	subset	2528	1.0
ExperiencePointsv2	8	ExperiencePointsv2	spy	subset	2528	1.0
ExperiencePointsv2	8	ExperiencePointsv2	hsi	subset	2528	1.0
ExperiencePointsv2	8	ExperiencePointsv2	w	subset	2528	1.0
ExperiencePointsv2	8	ExperiencePointsv2	spy	subset	2528	1.0
ExperiencePointsv2	8	ExperiencePointsv2	hsi	subset	2528	1.0
ExperiencePointsv2	8	ExperiencePointsv2	w	subset	2528	1.0
Masood2009P2v2	46	Masood2009P2v2	spy	subset	2528	0.8478260869565217
Masood2009P2v2	46	Masood2009P2v2	hsi	subset	2528	0.8260869565217391
Masood2009P2v2	46	Masood2009P2v2	w	subset	2528	0.8478260869565217
Masood2009P2v2	46	Masood2009P2v2	spy	subset	2528	0.8478260869565217
Masood2009P2v2	46	Masood2009P2v2	hsi	subset	2528	0.8478260869565217
Masood2009P2v2	46	Masood2009P2v2	w	subset	2528	0.8478260869565217
Masood2009P2v2	46	Masood2009P2v2	spy	subset	2528	0.8478260869565217
Masood2009P2v2	46	Masood2009P2v2	hsi	subset	2528	0.8478260869565217
Masood2009P2v2	46	Masood2009P2v2	w	subset	2528	0.8478260869565217
Masood2009P2v2	46	Masood2009P2v2	spy	subset	2528	0.8478260869565217
Masood2009P2v2	46	Masood2009P2v2	hsi	subset	2528	0.782608695652174
Masood2009P2v2	46	Masood2009P2v2	w	subset	2528	0.8478260869565217
Masood2009P2v2	46	Masood2009P2v2	spy	subset	2528	0.8478260869565217
Masood2009P2v2	46	Masood2009P2v2	hsi	subset	2528	0.8478260869565217
Masood2009P2v2	46	Masood2009P2v2	w	subset	2528	0.8478260869565217
Masood2009P2v2	46	Masood2009P2v2	spy	subset	2528	0.8478260869565217
Masood2009P2v2	46	Masood2009P2v2	hsi	subset	2528	0.8478260869565217
Masood2009P2v2	46	Masood2009P2v2	w	subset	2528	0.8478260869565217
Masood2009P2v2	46	Masood2009P2v2	spy	subset	2528	0.8478260869565217
Masood2009P2v2	46	Masood2009P2v2	hsi	subset	2528	0.8478260869565217
Masood2009P2v2	46	Masood2009P2v2	w	subset	2528	0.8260869565217391
Masood2009P2v2	46	Masood2009P2v2	spy	subset	2528	0.8478260869565217
Masood2009P2v2	46	Masood2009P2v2	hsi	subset	2528	0.8260869565217391
Masood2009P2v2	46	Masood2009P2v2	w	subset	2528	0.8478260869565217
Masood2009P2v2	46	Masood2009P2v2	spy	subset	2528	0.8478260869565217
Masood2009P2v2	46	Masood2009P2v2	hsi	subset	2528	0.8260869565217391
Masood2009P2v2	46	Masood2009P2v2	w	subset	2528	0.8478260869565217
Masood2009P2v2	46	Masood2009P2v2	spy	subset	2528	0.8478260869565217
Masood2009P2v2	46	Masood2009P2v2	hsi	subset	2528	0.8478260869565217
Masood2009P2v2	46	Masood2009P2v2	w	subset	2528	0.8478260869565217
Masood2009P2v2	46	Masood2009P2v2	spy	subset	2528	0.8478260869565217
Masood2009P2v2	46	Masood2009P2v2	hsi	subset	2528	0.8260869565217391
Masood2009P2v2	46	Masood2009P2v2	w	subset	2528	0.8478260869565217
Masood2009P2v2	46	Masood2009P2v2	spy	subset	2528	0.8478260869565217
Masood2009P2v2	46	Masood2009P2v2	hsi	subset	2528	0.8260869565217391
Masood2009P2v2	46	Masood2009P2v2	w	subset	2528	0.8478260869565217
Masood2009P2v2	46	Masood2009P2v2	spy	subset	2528	0.8478260869565217
Masood2009P2v2	46	Masood2009P2v2	hsi	subset	2528	0.8478260869565217
Masood2009P2v2	46	Masood2009P2v2	w	subset	2528	0.8478260869565217
Masood2009P2v2	46	Masood2009P2v2	spy	subset	2528	0.8478260869565217
Masood2009P2v2	46	Masood2009P2v2	hsi	subset	2528	0.8478260869565217
Masood2009P2v2	46	Masood2009P2v2	w	subset	2528	0.8478260869565217
Masood2009P2v2	46	Masood2009P2v2	spy	subset	2528	0.8478260869565217
Masood2009P2v2	46	Masood2009P2v2	hsi	subset	2528	0.8478260869565217
Masood2009P2v2	46	Masood2009P2v2	w	subset	2528	0.8478260869565217
Masood2009P2v2	46	Masood2009P2v2	spy	subset	2528	0.8478260869565217
Masood2009P2v2	46	Masood2009P2v2	hsi	subset	2528	0.8260869565217391
Masood2009P2v2	46	Masood2009P2v2	w	subset	2528	0.8478260869565217
Masood2009P2v2	46	Masood2009P2v2	spy	subset	2528	0.8478260869565217
Masood2009P2v2	46	Masood2009P2v2	hsi	subset	2528	0.8478260869565217
Masood2009P2v2	46	Masood2009P2v2	w	subset	2528	0.8478260869565217
Masood2009P2v2	46	Masood2009P2v2	spy	subset	2528	0.8260869565217391
Masood2009P2v2	46	Masood2009P2v2	hsi	subset	2528	0.8478260869565217
Masood2009P2v2	46	Masood2009P2v2	w	subset	2528	0.8478260869565217
Masood2009P2v2	46	Masood2009P2v2	spy	subset	2528	0.8478260869565217
Masood2009P2v2	46	Masood2009P2v2	hsi	subset	2528	0.8478260869565217
Masood2009P2v2	46	Masood2009P2v2	w	subset	2528	0.8478260869565217
Masood2009P2v2	46	Masood2009P2v2	spy	subset	2528	0.8478260869565217
Masood2009P2v2	46	Masood2009P2v2	hsi	subset	2528	0.8478260869565217
Masood2009P2v2	46	Masood2009P2v2	w	subset	2528	0.8478260869565217
Masood2009P2v2	46	Masood2009P2v2	spy	subset	2528	0.8478260869565217
Masood2009P2v2	46	Masood2009P2v2	hsi	subset	2528	0.8478260869565217
Masood2009P2v2	46	Masood2009P2v2	w	subset	2528	0.8260869565217391
Masood2009P2v2	46	Masood2009P2v2	spy	subset	2528	0.8478260869565217
Masood2009P2v2	46	Masood2009P2v2	hsi	subset	2528	0.8478260869565217
Masood2009P2v2	46	Masood2009P2v2	w	subset	2528	0.8478260869565217
Masood2009P2v2	46	Masood2009P2v2	spy	subset	2528	0.8478260869565217
Masood2009P2v2	46	Masood2009P2v2	hsi	subset	2528	0.8478260869565217
Masood2009P2v2	46	Masood2009P2v2	w	subset	2528	0.8478260869565217
Masood2009P2v2	46	Masood2009P2v2	spy	subset	2528	0.8260869565217391
Masood2009P2v2	46	Masood2009P2v2	hsi	subset	2528	0.8478260869565217
Masood2009P2v2	46	Masood2009P2v2	w	subset	2528	0.8260869565217391
Masood2009P2v2	46	Masood2009P2v2	spy	subset	2528	0.8478260869565217
Masood2009P2v2	46	Masood2009P2v2	hsi	subset	2528	0.8478260869565217
Masood2009P2v2	46	Masood2009P2v2	w	subset	2528	0.8478260869565217
Masood2009P2v2	46	Masood2009P2v2	spy	subset	2528	0.8478260869565217
Masood2009P2v2	46	Masood2009P2v2	hsi	subset	2528	0.8260869565217391
Masood2009P2v2	46	Masood2009P2v2	w	subset	2528	0.8478260869565217
Masood2009P2v2	46	Masood2009P2v2	spy	subset	2528	0.8478260869565217
Masood2009P2v2	46	Masood2009P2v2	hsi	subset	2528	0.8478260869565217
Masood2009P2v2	46	Masood2009P2v2	w	subset	2528	0.8478260869565217
Masood2009P2v2	46	Masood2009P2v2	spy	subset	2528	0.8478260869565217
Masood2009P2v2	46	Masood2009P2v2	hsi	subset	2528	0.8478260869565217
Masood2009P2v2	46	Masood2009P2v2	w	subset	2528	0.8478260869565217
Masood2009P2v2	46	Masood2009P2v2	spy	subset	2528	0.8478260869565217
Masood2009P2v2	46	Masood2009P2v2	hsi	subset	2528	0.8260869565217391
Masood2009P2v2	46	Masood2009P2v2	w	subset	2528	0.8478260869565217
Masood2009P2v2	46	Masood2009P2v2	spy	subset	2528	0.8478260869565217
Masood2009P2v2	46	Masood2009P2v2	hsi	subset	2528	0.8478260869565217
Masood2009P2v2	46	Masood2009P2v2	w	subset	2528	0.8478260869565217
user11roles2_v2	26	user11roles2_v2	spy	subset	2528	1.0
user11roles2_v2	26	user11roles2_v2	hsi	subset	2528	0.7307692307692307
user11roles2_v2	26	user11roles2_v2	w	subset	2528	0.8076923076923077
user11roles2_v2	26	user11roles2_v2	spy	subset	2528	1.0
user11roles2_v2	26	user11roles2_v2	hsi	subset	2528	0.8461538461538461
user11roles2_v2	26	user11roles2_v2	w	subset	2528	0.7307692307692307
user11roles2_v2	26	user11roles2_v2	spy	subset	2528	1.0
user11roles2_v2	26	user11roles2_v2	hsi	subset	2528	0.7692307692307693
user11roles2_v2	26	user11roles2_v2	w	subset	2528	0.7307692307692307
user11roles2_v2	26	user11roles2_v2	spy	subset	2528	0.9615384615384616
user11roles2_v2	26	user11roles2_v2	hsi	subset	2528	0.8461538461538461
user11roles2_v2	26	user11roles2_v2	w	subset	2528	0.7307692307692307
user11roles2_v2	26	user11roles2_v2	spy	subset	2528	1.0
user11roles2_v2	26	user11roles2_v2	hsi	subset	2528	0.8461538461538461
user11roles2_v2	26	user11roles2_v2	w	subset	2528	0.7307692307692307
user11roles2_v2	26	user11roles2_v2	spy	subset	2528	1.0
user11roles2_v2	26	user11roles2_v2	hsi	subset	2528	0.6153846153846154
user11roles2_v2	26	user11roles2_v2	w	subset	2528	0.7307692307692307
user11roles2_v2	26	user11roles2_v2	spy	subset	2528	0.9615384615384616
user11roles2_v2	26	user11roles2_v2	hsi	subset	2528	0.7692307692307693
user11roles2_v2	26	user11roles2_v2	w	subset	2528	0.8076923076923077
user11roles2_v2	26	user11roles2_v2	spy	subset	2528	1.0
user11roles2_v2	26	user11roles2_v2	hsi	subset	2528	0.8076923076923077
user11roles2_v2	26	user11roles2_v2	w	subset	2528	0.6538461538461539
user11roles2_v2	26	user11roles2_v2	spy	subset	2528	0.9615384615384616
user11roles2_v2	26	user11roles2_v2	hsi	subset	2528	0.8461538461538461
user11roles2_v2	26	user11roles2_v2	w	subset	2528	0.6923076923076923
user11roles2_v2	26	user11roles2_v2	spy	subset	2528	1.0
user11roles2_v2	26	user11roles2_v2	hsi	subset	2528	0.7307692307692307
user11roles2_v2	26	user11roles2_v2	w	subset	2528	0.6538461538461539
user11roles2_v2	26	user11roles2_v2	spy	subset	2528	1.0
user11roles2_v2	26	user11roles2_v2	hsi	subset	2528	0.7307692307692307
user11roles2_v2	26	user11roles2_v2	w	subset	2528	0.6153846153846154
user11roles2_v2	26	user11roles2_v2	spy	subset	2528	1.0
user11roles2_v2	26	user11roles2_v2	hsi	subset	2528	0.7307692307692307
user11roles2_v2	26	user11roles2_v2	w	subset	2528	0.7307692307692307
user11roles2_v2	26	user11roles2_v2	spy	subset	2528	1.0
user11roles2_v2	26	user11roles2_v2	hsi	subset	2528	0.7692307692307693
user11roles2_v2	26	user11roles2_v2	w	subset	2528	0.7692307692307693
user11roles2_v2	26	user11roles2_v2	spy	subset	2528	1.0
user11roles2_v2	26	user11roles2_v2	hsi	subset	2528	0.6923076923076923
user11roles2_v2	26	user11roles2_v2	w	subset	2528	0.7307692307692307
user11roles2_v2	26	user11roles2_v2	spy	subset	2528	1.0
user11roles2_v2	26	user11roles2_v2	hsi	subset	2528	0.8076923076923077
user11roles2_v2	26	user11roles2_v2	w	subset	2528	0.6923076923076923
user11roles2_v2	26	user11roles2_v2	spy	subset	2528	1.0
user11roles2_v2	26	user11roles2_v2	hsi	subset	2528	0.8076923076923077
user11roles2_v2	26	user11roles2_v2	w	subset	2528	0.6538461538461539
user11roles2_v2	26	user11roles2_v2	spy	subset	2528	0.9230769230769231
user11roles2_v2	26	user11roles2_v2	hsi	subset	2528	0.7692307692307693
user11roles2_v2	26	user11roles2_v2	w	subset	2528	0.7307692307692307
user11roles2_v2	26	user11roles2_v2	spy	subset	2528	1.0
user11roles2_v2	26	user11roles2_v2	hsi	subset	2528	0.7692307692307693
user11roles2_v2	26	user11roles2_v2	w	subset	2528	0.6923076923076923
user11roles2_v2	26	user11roles2_v2	spy	subset	2528	1.0
user11roles2_v2	26	user11roles2_v2	hsi	subset	2528	0.7307692307692307
user11roles2_v2	26	user11roles2_v2	w	subset	2528	0.6923076923076923
user11roles2_v2	26	user11roles2_v2	spy	subset	2528	1.0
user11roles2_v2	26	user11roles2_v2	hsi	subset	2528	0.8846153846153846
user11roles2_v2	26	user11roles2_v2	w	subset	2528	0.7307692307692307
user11roles2_v2	26	user11roles2_v2	spy	subset	2528	1.0
user11roles2_v2	26	user11roles2_v2	hsi	subset	2528	0.7692307692307693
user11roles2_v2	26	user11roles2_v2	w	subset	2528	0.6153846153846154
user11roles2_v2	26	user11roles2_v2	spy	subset	2528	1.0
user11roles2_v2	26	user11roles2_v2	hsi	subset	2528	0.7307692307692307
user11roles2_v2	26	user11roles2_v2	w	subset	2528	0.7692307692307693
user11roles2_v2	26	user11roles2_v2	spy	subset	2528	1.0
user11roles2_v2	26	user11roles2_v2	hsi	subset	2528	0.7692307692307693
user11roles2_v2	26	user11roles2_v2	w	subset	2528	0.6923076923076923
user11roles2_v2	26	user11roles2_v2	spy	subset	2528	1.0
user11roles2_v2	26	user11roles2_v2	hsi	subset	2528	0.8076923076923077
user11roles2_v2	26	user11roles2_v2	w	subset	2528	0.7307692307692307
user11roles2_v2	26	user11roles2_v2	spy	subset	2528	0.9615384615384616
user11roles2_v2	26	user11roles2_v2	hsi	subset	2528	0.8461538461538461
user11roles2_v2	26	user11roles2_v2	w	subset	2528	0.7307692307692307
user11roles2_v2	26	user11roles2_v2	spy	subset	2528	0.9615384615384616
user11roles2_v2	26	user11roles2_v2	hsi	subset	2528	0.8461538461538461
user11roles2_v2	26	user11roles2_v2	w	subset	2528	0.6923076923076923
user11roles2_v2	26	user11roles2_v2	spy	subset	2528	0.9230769230769231
user11roles2_v2	26	user11roles2_v2	hsi	subset	2528	0.7307692307692307
user11roles2_v2	26	user11roles2_v2	w	subset	2528	0.6153846153846154
user11roles2_v2	26	user11roles2_v2	spy	subset	2528	1.0
user11roles2_v2	26	user11roles2_v2	hsi	subset	2528	0.8461538461538461
user11roles2_v2	26	user11roles2_v2	w	subset	2528	0.6923076923076923
user11roles2_v2	26	user11roles2_v2	spy	subset	2528	0.9615384615384616
user11roles2_v2	26	user11roles2_v2	hsi	subset	2528	0.6538461538461539
user11roles2_v2	26	user11roles2_v2	w	subset	2528	0.6923076923076923
user11roles2_v2	26	user11roles2_v2	spy	subset	2528	1.0
user11roles2_v2	26	user11roles2_v2	hsi	subset	2528	0.8846153846153846
user11roles2_v2	26	user11roles2_v2	w	subset	2528	0.7307692307692307
